1 10 20
100 200 125
201 210 89
900 1000 174
1 1 1
1 15 20
7 27 112
10 1 20
16 26 24
27 7 112
27 255 128
28 53 110
54 97 119
98 129 122
130 313 131
255 446 144
447 639 142
640 702 145
703 1819 182
1820 4254 238
4255 4591 215
4592 9662 262
6178 8509 257
8382 8385 159
4806 9276 262
8399 978 262
3010 1910 217
3743 7872 262
1919 2004 175
8635 2350 262
438 4772 238
1705 2406 183
3520 5738 238
9001 948 262
1947 7676 262
5436 9498 262
882 1129 174
9675 1290 262
4707 5528 210
620 476 142
8960 6863 257
353 8430 262
5797 8126 262
9337 3245 262
4371 3682 238
1619 1053 182
6789 341 262
1165 7377 262
2351 3274 217
7910 4004 262
2067 9750 262
971 9845 262
7543 9171 252
6053 6797 262
2461 6805 262
9663 20895 279
20895 26622 282
26623 31911 308
31912 60974 340
60975 77671 351
113384 134378 349
138368 151176 375
159488 161438 370
161536 170074 352
184490 191334 360
201570 204014 342
207552 212648 355
213104 226765 386
226768 239230 443
242160 242302 213
245986 255112 363
258208 268757 407
280576 284136 358
287004 288614 389
302356 306022 340
311328 318973 384
99422 100184 341
568591 569452 359
447670 447998 325
516760 516478 289
955705 955767 202
660056 659316 354
515114 513935 364
57280 5467 340
325783 329719 353
491972 498686 426
498688 502440 426
502442 504056 333
504058 510225 382
510228 516413 470
516416 516890 289
516892 517190 302
523946 524286 271
524288 525158 364
525160 531182 408
531184 537515 377
537519 538270 346
100726 37472 351
21173 101417 351
58432 86229 351
52570 39995 340
78540 28718 351
4922 11999 268
65200 18310 340
23690 52664 340
229763 231167 443
9148 104044 351
102145 66380 351
801283 802617 406
32911 30996 285
66104 5000 340
999999 999999 259
